<?xml version="1.0" encoding="UTF-8"?>
<!-- Generated by org.testng.reporters.JUnitXMLReporter -->
<testsuite ignored="0" hostname="Rugmas-MacBook-Pro.local" failures="0" tests="10" name="Default test" time="15.331" errors="0" timestamp="2025-11-24T00:59:15 IST">
  <testcase classname="com.APITest.herokuapp.APITesting" name="testAddNewUser" time="2.091"/>
  <testcase classname="com.APITest.herokuapp.APITesting" name="testGetUserProfile" time="1.25"/>
  <testcase classname="com.APITest.herokuapp.APITesting" name="testUpdateUser" time="1.338"/>
  <testcase classname="com.APITest.herokuapp.APITesting" name="testLogInUser" time="1.535"/>
  <testcase classname="com.APITest.herokuapp.APITesting" name="testAddContact" time="1.521"/>
  <testcase classname="com.APITest.herokuapp.APITesting" name="testGetContactList" time="1.533"/>
  <testcase classname="com.APITest.herokuapp.APITesting" name="testGetContact" time="1.565"/>
  <testcase classname="com.APITest.herokuapp.APITesting" name="testFullUpdateContact" time="1.514"/>
  <testcase classname="com.APITest.herokuapp.APITesting" name="testPartialUpdateContact" time="1.533"/>
  <testcase classname="com.APITest.herokuapp.APITesting" name="testLogoutUser" time="1.419"/>
</testsuite> <!-- Default test -->
