<?xml version="1.0" encoding="UTF-8"?>
<!-- Generated by org.testng.reporters.JUnitReportReporter -->
<testsuite hostname="Rugmas-MacBook-Pro.local" failures="0" tests="4" name="com.OHRM_TestCase.AdminTestCase" time="11.332" errors="0" timestamp="2025-11-22T10:26:10 IST" skipped="0">
  <testcase classname="com.OHRM_TestCase.AdminTestCase" name="testAdminPage" time="2.077"/>
  <testcase classname="com.OHRM_TestCase.AdminTestCase" name="searchByUsername" time="0.773"/>
  <testcase classname="com.OHRM_TestCase.AdminTestCase" name="searchByRole" time="4.283"/>
  <testcase classname="com.OHRM_TestCase.AdminTestCase" name="searchByStatus" time="4.199"/>
</testsuite> <!-- com.OHRM_TestCase.AdminTestCase -->
