<?xml version="1.0" encoding="UTF-8"?>
<testng-results ignored="0" total="10" passed="10" failed="0" skipped="0">
  <reporter-output>
  </reporter-output>
  <suite started-at="2025-11-24T00:59:00 IST" name="Default suite" finished-at="2025-11-24T00:59:15 IST" duration-ms="15331">
    <groups>
    </groups>
    <test started-at="2025-11-24T00:59:00 IST" name="Default test" finished-at="2025-11-24T00:59:15 IST" duration-ms="15331">
      <class name="com.APITest.herokuapp.APITesting">
        <test-method signature="testAddNewUser()[pri:1, instance:com.APITest.herokuapp.APITesting@384ad17b]" started-at="2025-11-24T00:59:00 IST" name="testAddNewUser" finished-at="2025-11-24T00:59:02 IST" duration-ms="2091" status="PASS">
          <reporter-output>
          </reporter-output>
        </test-method> <!-- testAddNewUser -->
        <test-method signature="testGetUserProfile()[pri:2, instance:com.APITest.herokuapp.APITesting@384ad17b]" started-at="2025-11-24T00:59:02 IST" name="testGetUserProfile" finished-at="2025-11-24T00:59:03 IST" duration-ms="1250" status="PASS">
          <reporter-output>
          </reporter-output>
        </test-method> <!-- testGetUserProfile -->
        <test-method signature="testUpdateUser()[pri:3, instance:com.APITest.herokuapp.APITesting@384ad17b]" started-at="2025-11-24T00:59:03 IST" name="testUpdateUser" finished-at="2025-11-24T00:59:05 IST" duration-ms="1338" status="PASS">
          <reporter-output>
          </reporter-output>
        </test-method> <!-- testUpdateUser -->
        <test-method signature="testLogInUser()[pri:4, instance:com.APITest.herokuapp.APITesting@384ad17b]" started-at="2025-11-24T00:59:05 IST" name="testLogInUser" finished-at="2025-11-24T00:59:06 IST" duration-ms="1535" status="PASS">
          <reporter-output>
          </reporter-output>
        </test-method> <!-- testLogInUser -->
        <test-method signature="testAddContact()[pri:5, instance:com.APITest.herokuapp.APITesting@384ad17b]" started-at="2025-11-24T00:59:06 IST" name="testAddContact" finished-at="2025-11-24T00:59:08 IST" duration-ms="1521" status="PASS">
          <reporter-output>
          </reporter-output>
        </test-method> <!-- testAddContact -->
        <test-method signature="testGetContactList()[pri:6, instance:com.APITest.herokuapp.APITesting@384ad17b]" started-at="2025-11-24T00:59:08 IST" name="testGetContactList" finished-at="2025-11-24T00:59:09 IST" duration-ms="1533" status="PASS">
          <reporter-output>
          </reporter-output>
        </test-method> <!-- testGetContactList -->
        <test-method signature="testGetContact()[pri:7, instance:com.APITest.herokuapp.APITesting@384ad17b]" started-at="2025-11-24T00:59:09 IST" name="testGetContact" finished-at="2025-11-24T00:59:11 IST" duration-ms="1565" status="PASS">
          <reporter-output>
          </reporter-output>
        </test-method> <!-- testGetContact -->
        <test-method signature="testFullUpdateContact()[pri:8, instance:com.APITest.herokuapp.APITesting@384ad17b]" started-at="2025-11-24T00:59:11 IST" name="testFullUpdateContact" finished-at="2025-11-24T00:59:12 IST" duration-ms="1514" status="PASS">
          <reporter-output>
          </reporter-output>
        </test-method> <!-- testFullUpdateContact -->
        <test-method signature="testPartialUpdateContact()[pri:9, instance:com.APITest.herokuapp.APITesting@384ad17b]" started-at="2025-11-24T00:59:12 IST" name="testPartialUpdateContact" finished-at="2025-11-24T00:59:14 IST" duration-ms="1533" status="PASS">
          <reporter-output>
          </reporter-output>
        </test-method> <!-- testPartialUpdateContact -->
        <test-method signature="testLogoutUser()[pri:10, instance:com.APITest.herokuapp.APITesting@384ad17b]" started-at="2025-11-24T00:59:14 IST" name="testLogoutUser" finished-at="2025-11-24T00:59:15 IST" duration-ms="1419" status="PASS">
          <reporter-output>
          </reporter-output>
        </test-method> <!-- testLogoutUser -->
      </class> <!-- com.APITest.herokuapp.APITesting -->
    </test> <!-- Default test -->
  </suite> <!-- Default suite -->
</testng-results>
