<?xml version="1.0" encoding="UTF-8"?>
<!-- Generated by org.testng.reporters.JUnitXMLReporter -->
<testsuite ignored="0" hostname="Rugmas-MacBook-Pro.local" failures="0" tests="4" name="Default test" time="22.693" errors="0" timestamp="2025-11-22T09:18:54 IST">
  <testcase classname="com.OHRM_TestCase.AdminTestCase" name="testAdminPage" time="2.465"/>
  <testcase classname="com.OHRM_TestCase.AdminTestCase" name="searchByUsername" time="0.809"/>
  <testcase classname="com.OHRM_TestCase.AdminTestCase" name="searchByRole" time="4.671"/>
  <testcase classname="com.OHRM_TestCase.AdminTestCase" name="searchByStatus" time="4.646"/>
</testsuite> <!-- Default test -->
