<?xml version="1.0" encoding="UTF-8"?>
<!-- Generated by org.testng.reporters.JUnitReportReporter -->
<testsuite hostname="Rugmas-MacBook-Pro.local" failures="0" tests="10" name="com.APITest.herokuapp.APITesting" time="15.299" errors="0" timestamp="2025-11-24T00:59:15 IST" skipped="0">
  <testcase classname="com.APITest.herokuapp.APITesting" name="testAddNewUser" time="2.091"/>
  <system-out/>
  <testcase classname="com.APITest.herokuapp.APITesting" name="testGetUserProfile" time="1.250"/>
  <system-out/>
  <testcase classname="com.APITest.herokuapp.APITesting" name="testUpdateUser" time="1.338"/>
  <system-out/>
  <testcase classname="com.APITest.herokuapp.APITesting" name="testLogInUser" time="1.535"/>
  <system-out/>
  <testcase classname="com.APITest.herokuapp.APITesting" name="testAddContact" time="1.521"/>
  <system-out/>
  <testcase classname="com.APITest.herokuapp.APITesting" name="testGetContactList" time="1.533"/>
  <system-out/>
  <testcase classname="com.APITest.herokuapp.APITesting" name="testGetContact" time="1.565"/>
  <system-out/>
  <testcase classname="com.APITest.herokuapp.APITesting" name="testFullUpdateContact" time="1.514"/>
  <system-out/>
  <testcase classname="com.APITest.herokuapp.APITesting" name="testPartialUpdateContact" time="1.533"/>
  <system-out/>
  <testcase classname="com.APITest.herokuapp.APITesting" name="testLogoutUser" time="1.419"/>
  <system-out/>
</testsuite> <!-- com.APITest.herokuapp.APITesting -->
