<?xml version="1.0" encoding="UTF-8"?>
<testng-results ignored="0" total="4" passed="4" failed="0" skipped="0">
  <reporter-output>
  </reporter-output>
  <suite started-at="2025-11-22T10:25:52 IST" name="Suite" finished-at="2025-11-22T10:26:10 IST" duration-ms="18198">
    <groups>
    </groups>
    <test started-at="2025-11-22T10:25:52 IST" name="Test" finished-at="2025-11-22T10:26:10 IST" duration-ms="18198">
      <class name="com.OHRM_TestCase.AdminTestCase">
        <test-method is-config="true" signature="setUp()[pri:0, instance:com.OHRM_TestCase.AdminTestCase@3b35a229]" started-at="2025-11-22T10:25:52 IST" name="setUp" finished-at="2025-11-22T10:25:56 IST" duration-ms="4429" status="PASS">
          <reporter-output>
          </reporter-output>
        </test-method> <!-- setUp -->
        <test-method is-config="true" signature="startUp()[pri:0, instance:com.OHRM_TestCase.AdminTestCase@3b35a229]" started-at="2025-11-22T10:25:56 IST" name="startUp" finished-at="2025-11-22T10:25:58 IST" duration-ms="2312" status="PASS">
          <reporter-output>
          </reporter-output>
        </test-method> <!-- startUp -->
        <test-method signature="testAdminPage()[pri:1, instance:com.OHRM_TestCase.AdminTestCase@3b35a229]" started-at="2025-11-22T10:25:58 IST" name="testAdminPage" finished-at="2025-11-22T10:26:00 IST" duration-ms="2077" status="PASS">
          <reporter-output>
          </reporter-output>
        </test-method> <!-- testAdminPage -->
        <test-method signature="searchByUsername()[pri:2, instance:com.OHRM_TestCase.AdminTestCase@3b35a229]" started-at="2025-11-22T10:26:00 IST" name="searchByUsername" finished-at="2025-11-22T10:26:01 IST" duration-ms="773" status="PASS">
          <reporter-output>
          </reporter-output>
        </test-method> <!-- searchByUsername -->
        <test-method signature="searchByRole()[pri:3, instance:com.OHRM_TestCase.AdminTestCase@3b35a229]" started-at="2025-11-22T10:26:01 IST" name="searchByRole" finished-at="2025-11-22T10:26:06 IST" duration-ms="4283" status="PASS">
          <reporter-output>
          </reporter-output>
        </test-method> <!-- searchByRole -->
        <test-method signature="searchByStatus()[pri:4, instance:com.OHRM_TestCase.AdminTestCase@3b35a229]" started-at="2025-11-22T10:26:06 IST" name="searchByStatus" finished-at="2025-11-22T10:26:10 IST" duration-ms="4199" status="PASS">
          <reporter-output>
          </reporter-output>
        </test-method> <!-- searchByStatus -->
        <test-method is-config="true" signature="endSession()[pri:0, instance:com.OHRM_TestCase.AdminTestCase@3b35a229]" started-at="2025-11-22T10:26:10 IST" name="endSession" finished-at="2025-11-22T10:26:10 IST" duration-ms="110" status="PASS">
          <reporter-output>
          </reporter-output>
        </test-method> <!-- endSession -->
      </class> <!-- com.OHRM_TestCase.AdminTestCase -->
    </test> <!-- Test -->
  </suite> <!-- Suite -->
</testng-results>
