<?xml version="1.0" encoding="UTF-8"?>
<!-- Generated by org.testng.reporters.JUnitXMLReporter -->
<testsuite ignored="0" hostname="Rugmas-MacBook-Pro.local" failures="4" tests="5" name="OrangeHRMLoginTest" time="14.707" errors="0" timestamp="2025-11-21T17:00:18 IST">
  <testcase classname="com.OrangeHRM.LoginModule" name="testLogin" time="2.407"/>
  <testcase classname="com.OrangeHRM.LoginModule" name="testLogin" time="2.178">
    <failure type="java.lang.AssertionError">
      <![CDATA[java.lang.AssertionError: 
at com.OrangeHRM.LoginModule.testLogin(LoginModule.java:64)
at java.base/java.util.ArrayList.forEach(ArrayList.java:1596)
... Removed 28 stack frames]]>
    </failure>
  </testcase> <!-- testLogin -->
  <testcase classname="com.OrangeHRM.LoginModule" name="testLogin" time="1.188">
    <failure type="java.lang.AssertionError">
      <![CDATA[java.lang.AssertionError: 
at com.OrangeHRM.LoginModule.testLogin(LoginModule.java:64)
at java.base/java.util.ArrayList.forEach(ArrayList.java:1596)
... Removed 28 stack frames]]>
    </failure>
  </testcase> <!-- testLogin -->
  <testcase classname="com.OrangeHRM.LoginModule" name="testLogin" time="0.176">
    <failure type="java.lang.AssertionError">
      <![CDATA[java.lang.AssertionError: 
at com.OrangeHRM.LoginModule.testLogin(LoginModule.java:64)
at java.base/java.util.ArrayList.forEach(ArrayList.java:1596)
... Removed 28 stack frames]]>
    </failure>
  </testcase> <!-- testLogin -->
  <testcase classname="com.OrangeHRM.LoginModule" name="testLogin" time="0.167">
    <failure type="java.lang.AssertionError">
      <![CDATA[java.lang.AssertionError: 
at com.OrangeHRM.LoginModule.testLogin(LoginModule.java:64)
at java.base/java.util.ArrayList.forEach(ArrayList.java:1596)
... Removed 28 stack frames]]>
    </failure>
  </testcase> <!-- testLogin -->
</testsuite> <!-- OrangeHRMLoginTest -->
