<?xml version="1.0" encoding="UTF-8"?>
<!-- Generated by org.testng.reporters.JUnitXMLReporter -->
<testsuite ignored="0" hostname="Rugmas-MacBook-Pro.local" failures="0" tests="4" name="Test" time="18.198" errors="0" timestamp="2025-11-22T10:26:10 IST">
  <testcase classname="com.OHRM_TestCase.AdminTestCase" name="testAdminPage" time="2.077"/>
  <testcase classname="com.OHRM_TestCase.AdminTestCase" name="searchByUsername" time="0.773"/>
  <testcase classname="com.OHRM_TestCase.AdminTestCase" name="searchByRole" time="4.283"/>
  <testcase classname="com.OHRM_TestCase.AdminTestCase" name="searchByStatus" time="4.199"/>
</testsuite> <!-- Test -->
